<?xml version="1.0" encoding="UTF-8"?>
<!-- Generated by org.testng.reporters.JUnitReportReporter -->
<testsuite hostname="DESKTOP-SRVBUEA" failures="0" tests="3" name="testPack.TestClassWithTNG" time="0.014" errors="0" timestamp="2022-06-27T22:56:09 IST" skipped="0">
  <testcase classname="testPack.TestClassWithTNG" name="test2" time="0.004"/>
  <system-out/>
  <testcase classname="testPack.TestClassWithTNG" name="test3" time="0.002"/>
  <system-out/>
  <testcase classname="testPack.TestClassWithTNG" name="test1" time="0.008"/>
  <system-out/>
</testsuite> <!-- testPack.TestClassWithTNG -->
