<?xml version="1.0" encoding="UTF-8"?>
<!-- Generated by org.testng.reporters.JUnitReportReporter -->
<testsuite hostname="DESKTOP-SRVBUEA" failures="0" tests="2" name="testPack.Demo2" time="0.045" errors="0" timestamp="2022-07-09T19:49:53 IST" skipped="0">
  <testcase classname="testPack.Demo2" name="test2" time="0.014"/>
  <system-out/>
  <testcase classname="testPack.Demo2" name="test1" time="0.031"/>
  <system-out/>
</testsuite> <!-- testPack.Demo2 -->
