<?xml version="1.0" encoding="UTF-8"?>
<!-- Generated by org.testng.reporters.JUnitReportReporter -->
<testsuite hostname="DESKTOP-SRVBUEA" failures="0" tests="1" name="testPack.TestClass_HomePageTNG" time="7.437" errors="0" timestamp="2022-06-27T23:40:52 IST" skipped="0">
  <testcase classname="testPack.TestClass_HomePageTNG" name="ValidateHomePage" time="7.437"/>
  <system-out/>
</testsuite> <!-- testPack.TestClass_HomePageTNG -->
